Singularity is installed locally on compute nodes. 
It is not available on login nodes. 
Example for an interactive session: 
 
1. Request an interactive bash session on a compute node: 
   srun -t 5:00:00 -p interact -N 1 -n 1 --x11=first --pty /bin/bash 
 
2. At the prompt, start singularity by typing: singularity 
 
Singularity is installed locally on compute nodes. 
It is not available on login nodes. 
Example for an interactive session: 
 
1. Request an interactive bash session on a compute node: 
   srun -t 5:00:00 -p interact -N 1 -n 1 --x11=first --pty /bin/bash 
 
2. At the prompt, start singularity by typing: singularity 
 
1. SSH tunnel from your workstation using the following command:

   ssh -N -L 8787:c1127:35959 mjn15@longleaf.unc.edu

   and point your web browser to http://localhost:8787

2. log in to RStudio Server using the following credentials:

   pass: vQMgH9fYUGY=

When done using RStudio Server, terminate the job by:

1. Exit the RStudio Session ("power" button in the top right corner of the RStudio window)
2. Issue the following command on the login node:

      scancel -f 28489144
